Using pre-set license
Built from '2020.3/staging' branch; Version is '2020.3.0f1 (c7b5465681fb) revision 13088070'; Using compiler version '192528614'; Build Type 'Release'
OS: 'Windows 10 Pro; OS build 19041.208; Version 2004; 64bit' Language: 'ko' Physical Memory: 16194 MB
BatchMode: 1, IsHumanControllingUs: 0, StartBugReporterOnCrash: 0, Is64bit: 1, IsPro: 0

 COMMAND LINE ARGUMENTS:
C:\Program Files\Unity\Editor\Unity.exe
-adb2
-batchMode
-noUpm
-name
AssetImportWorker0
-projectPath
D:/unity/TeamProject-2021/Creat3DWorld
-logFile
Logs/AssetImportWorker0.log
-srvPort
7167
Successfully changed project path to: D:/unity/TeamProject-2021/Creat3DWorld
D:/unity/TeamProject-2021/Creat3DWorld
Using Asset Import Pipeline V2.
Refreshing native plugins compatible for Editor in 42.27 ms, found 0 plugins.
Preloading 0 native plugins for Editor in 0.00 ms.
Initialize engine version: 2020.3.0f1 (c7b5465681fb)
[Subsystems] Discovering subsystems at path C:/Program Files/Unity/Editor/Data/Resources/UnitySubsystems
[Subsystems] Discovering subsystems at path D:/unity/TeamProject-2021/Creat3DWorld/Assets
GfxDevice: creating device client; threaded=0
Direct3D:
    Version:  Direct3D 11.0 [level 11.1]
    Renderer: Radeon RX 560X (ID=0x67ef)
    Vendor:   
    VRAM:     4075 MB
    Driver:   27.20.1017.1011
Initialize mono
Mono path[0] = 'C:/Program Files/Unity/Editor/Data/Managed'
Mono path[1] = 'C:/Program Files/Unity/Editor/Data/MonoBleedingEdge/lib/mono/unityjit'
Mono config path = 'C:/Program Files/Unity/Editor/Data/MonoBleedingEdge/etc'
Using monoOptions --debugger-agent=transport=dt_socket,embedding=1,server=y,suspend=n,address=127.0.0.1:56072
Begin MonoManager ReloadAssembly
Registering precompiled unity dll's ...
Register platform support module: C:/Program Files/Unity/Editor/Data/PlaybackEngines/WindowsStandaloneSupport/UnityEditor.WindowsStandalone.Extensions.dll
Registered in 0.003155 seconds.
Native extension for WindowsStandalone target not found
Refreshing native plugins compatible for Editor in 62.21 ms, found 0 plugins.
Preloading 0 native plugins for Editor in 0.00 ms.
Invoked RoslynAnalysisRunner static constructor.
RoslynAnalysisRunner will not be running.
RoslynAnalysisRunner has terminated.
Mono: successfully reloaded assembly
- Completed reload, in  2.171 seconds
Platform modules already initialized, skipping
Registering precompiled user dll's ...
Registered in 0.001062 seconds.
Begin MonoManager ReloadAssembly
Native extension for WindowsStandalone target not found
Refreshing native plugins compatible for Editor in 0.69 ms, found 0 plugins.
Preloading 0 native plugins for Editor in 0.00 ms.
Invoked RoslynAnalysisRunner static constructor.
RoslynAnalysisRunner will not be running.
RoslynAnalysisRunner has terminated.
Mono: successfully reloaded assembly
- Completed reload, in  3.018 seconds
Platform modules already initialized, skipping
========================================================================
Worker process is ready to serve import requests
Launched and connected shader compiler UnityShaderCompiler.exe after 0.11 seconds
Refreshing native plugins compatible for Editor in 2.22 ms, found 0 plugins.
Preloading 0 native plugins for Editor in 0.00 ms.
Unloading 1119 Unused Serialized files (Serialized files now loaded: 0)
System memory in use before: 58.7 MB.
System memory in use after: 58.8 MB.

Unloading 10 unused Assets to reduce memory usage. Loaded Objects now: 1565.
Total: 4.550400 ms (FindLiveObjects: 0.246500 ms CreateObjectMapping: 0.059800 ms MarkObjects: 4.067900 ms  DeleteObjects: 0.172900 ms)

========================================================================
Received Import Request.
  path: Assets/CODE/ControlHandle.cs
  artifactKey: Guid(f9ad3f5503a7c2b4eafd1f5cd8bdea39) Importer(815301076,1909f56bfc062723c751e8b465ee728b)
Start importing Assets/CODE/ControlHandle.cs using Guid(f9ad3f5503a7c2b4eafd1f5cd8bdea39) Importer(815301076,1909f56bfc062723c751e8b465ee728b)  -> (artifact id: 'ead508f7628168ef3f014cf30ce1ec2f') in 0.076854 seconds
  Import took 0.096091 seconds .

========================================================================
Received Prepare
Registering precompiled user dll's ...
Registered in 0.000757 seconds.
Begin MonoManager ReloadAssembly
Native extension for WindowsStandalone target not found
Refreshing native plugins compatible for Editor in 0.31 ms, found 0 plugins.
Preloading 0 native plugins for Editor in 0.00 ms.
Invoked RoslynAnalysisRunner static constructor.
RoslynAnalysisRunner will not be running.
RoslynAnalysisRunner has terminated.
Mono: successfully reloaded assembly
- Completed reload, in  1.206 seconds
Platform modules already initialized, skipping
Refreshing native plugins compatible for Editor in 0.54 ms, found 0 plugins.
Preloading 0 native plugins for Editor in 0.00 ms.
Unloading 1112 Unused Serialized files (Serialized files now loaded: 0)
System memory in use before: 58.5 MB.
System memory in use after: 58.6 MB.

Unloading 5 unused Assets to reduce memory usage. Loaded Objects now: 1568.
Total: 2.595700 ms (FindLiveObjects: 0.253200 ms CreateObjectMapping: 0.077500 ms MarkObjects: 2.171900 ms  DeleteObjects: 0.091000 ms)

========================================================================
Received Import Request.
  Time since last request: 532.655202 seconds.
  path: Assets/CODE/ControlHandle.cs
  artifactKey: Guid(f9ad3f5503a7c2b4eafd1f5cd8bdea39) Importer(815301076,1909f56bfc062723c751e8b465ee728b)
Start importing Assets/CODE/ControlHandle.cs using Guid(f9ad3f5503a7c2b4eafd1f5cd8bdea39) Importer(815301076,1909f56bfc062723c751e8b465ee728b)  -> (artifact id: '67086ca20515e44197d2de84aacf8875') in 0.011238 seconds
  Import took 0.013999 seconds .

AssetImportWorkerClient::OnTransportError - code=2 error=End of file
