Using pre-set license
Built from '2020.3/staging' branch; Version is '2020.3.0f1 (c7b5465681fb) revision 13088070'; Using compiler version '192528614'; Build Type 'Release'
OS: 'Windows 10 Pro; OS build 19042.804; Version 2009; 64bit' Language: 'ko' Physical Memory: 32696 MB
BatchMode: 1, IsHumanControllingUs: 0, StartBugReporterOnCrash: 0, Is64bit: 1, IsPro: 0

 COMMAND LINE ARGUMENTS:
C:\Program Files\Unity\Hub\Editor\2020.3.0f1\Editor\Unity.exe
-adb2
-batchMode
-noUpm
-name
AssetImportWorker0
-projectPath
I:/CODE/TeamProject-2021/2_Basic_Shooting
-logFile
Logs/AssetImportWorker0.log
-srvPort
9345
Successfully changed project path to: I:/CODE/TeamProject-2021/2_Basic_Shooting
I:/CODE/TeamProject-2021/2_Basic_Shooting
Using Asset Import Pipeline V2.
Refreshing native plugins compatible for Editor in 32.09 ms, found 0 plugins.
Preloading 0 native plugins for Editor in 0.00 ms.
Initialize engine version: 2020.3.0f1 (c7b5465681fb)
[Subsystems] Discovering subsystems at path C:/Program Files/Unity/Hub/Editor/2020.3.0f1/Editor/Data/Resources/UnitySubsystems
[Subsystems] Discovering subsystems at path I:/CODE/TeamProject-2021/2_Basic_Shooting/Assets
GfxDevice: creating device client; threaded=0
Direct3D:
    Version:  Direct3D 11.0 [level 11.1]
    Renderer: NVIDIA GeForce RTX 2070 (ID=0x1f02)
    Vendor:   
    VRAM:     8031 MB
    Driver:   27.21.14.6192
Initialize mono
Mono path[0] = 'C:/Program Files/Unity/Hub/Editor/2020.3.0f1/Editor/Data/Managed'
Mono path[1] = 'C:/Program Files/Unity/Hub/Editor/2020.3.0f1/Editor/Data/MonoBleedingEdge/lib/mono/unityjit'
Mono config path = 'C:/Program Files/Unity/Hub/Editor/2020.3.0f1/Editor/Data/MonoBleedingEdge/etc'
Using monoOptions --debugger-agent=transport=dt_socket,embedding=1,server=y,suspend=n,address=127.0.0.1:56960
Begin MonoManager ReloadAssembly
Registering precompiled unity dll's ...
Register platform support module: C:/Program Files/Unity/Hub/Editor/2020.3.0f1/Editor/Data/PlaybackEngines/WindowsStandaloneSupport/UnityEditor.WindowsStandalone.Extensions.dll
Registered in 0.003041 seconds.
Native extension for WindowsStandalone target not found
Refreshing native plugins compatible for Editor in 33.20 ms, found 0 plugins.
Preloading 0 native plugins for Editor in 0.00 ms.
Invoked RoslynAnalysisRunner static constructor.
RoslynAnalysisRunner will not be running.
RoslynAnalysisRunner has terminated.
Mono: successfully reloaded assembly
- Completed reload, in  1.604 seconds
Platform modules already initialized, skipping
Registering precompiled user dll's ...
Registered in 0.000680 seconds.
Begin MonoManager ReloadAssembly
Native extension for WindowsStandalone target not found
Refreshing native plugins compatible for Editor in 0.35 ms, found 0 plugins.
Preloading 0 native plugins for Editor in 0.00 ms.
Invoked RoslynAnalysisRunner static constructor.
RoslynAnalysisRunner will not be running.
RoslynAnalysisRunner has terminated.
Mono: successfully reloaded assembly
- Completed reload, in  1.082 seconds
Platform modules already initialized, skipping
========================================================================
Worker process is ready to serve import requests
Launched and connected shader compiler UnityShaderCompiler.exe after 0.07 seconds
Refreshing native plugins compatible for Editor in 0.30 ms, found 0 plugins.
Preloading 0 native plugins for Editor in 0.00 ms.
Unloading 1126 Unused Serialized files (Serialized files now loaded: 0)
System memory in use before: 59.9 MB.
System memory in use after: 60.0 MB.

Unloading 9 unused Assets to reduce memory usage. Loaded Objects now: 1570.
Total: 3.091800 ms (FindLiveObjects: 0.246000 ms CreateObjectMapping: 0.053100 ms MarkObjects: 2.660400 ms  DeleteObjects: 0.130400 ms)

========================================================================
Received Import Request.
  path: Assets/Script/HomeWork/HW_Enemy.cs
  artifactKey: Guid(fc242c8377dbed441a3bab32942fe6c2) Importer(815301076,1909f56bfc062723c751e8b465ee728b)
Start importing Assets/Script/HomeWork/HW_Enemy.cs using Guid(fc242c8377dbed441a3bab32942fe6c2) Importer(815301076,1909f56bfc062723c751e8b465ee728b)  -> (artifact id: '3b33c298082a59b0631b95392c66156c') in 0.041898 seconds
  Import took 0.044422 seconds .

========================================================================
Received Import Request.
  Time since last request: 0.000304 seconds.
  path: Assets/Script/HomeWork/HW_Bullet.cs
  artifactKey: Guid(0bd90187756f89c4793491d9d36f203f) Importer(815301076,1909f56bfc062723c751e8b465ee728b)
Start importing Assets/Script/HomeWork/HW_Bullet.cs using Guid(0bd90187756f89c4793491d9d36f203f) Importer(815301076,1909f56bfc062723c751e8b465ee728b)  -> (artifact id: 'bbec69ac0ac791a567ab9b42a4b7349e') in 0.008006 seconds
  Import took 0.015276 seconds .

========================================================================
Received Import Request.
  Time since last request: 0.000325 seconds.
  path: Assets/Script/HomeWork/HW_Player.cs
  artifactKey: Guid(08e472dca8f7cf54db0b55dd17917e31) Importer(815301076,1909f56bfc062723c751e8b465ee728b)
Start importing Assets/Script/HomeWork/HW_Player.cs using Guid(08e472dca8f7cf54db0b55dd17917e31) Importer(815301076,1909f56bfc062723c751e8b465ee728b)  -> (artifact id: '676533d803ecf36eb4beb66afb462a61') in 0.008684 seconds
  Import took 0.011879 seconds .

========================================================================
Received Import Request.
  Time since last request: 4.414185 seconds.
  path: Assets/Prefab/HW/HW_Player.prefab
  artifactKey: Guid(f69f5eb03343356428bd6085716072ce) Importer(815301076,1909f56bfc062723c751e8b465ee728b)
Start importing Assets/Prefab/HW/HW_Player.prefab using Guid(f69f5eb03343356428bd6085716072ce) Importer(815301076,1909f56bfc062723c751e8b465ee728b)  -> (artifact id: '5a25faa0ed715795ac1eb9a9c9c81bd9') in 0.122297 seconds
  Import took 0.125442 seconds .

========================================================================
Received Import Request.
  Time since last request: 4.659792 seconds.
  path: Assets/Prefab/HW/HW_Player.prefab
  artifactKey: Guid(f69f5eb03343356428bd6085716072ce) Importer(815301076,1909f56bfc062723c751e8b465ee728b)
Start importing Assets/Prefab/HW/HW_Player.prefab using Guid(f69f5eb03343356428bd6085716072ce) Importer(815301076,1909f56bfc062723c751e8b465ee728b)  -> (artifact id: '490420b5ec491cd6250b4eb0d4e6b428') in 0.015263 seconds
  Import took 0.019689 seconds .

========================================================================
Received Import Request.
  Time since last request: 0.000353 seconds.
  path: Assets/Prefab/HW/HW_Player.prefab
  artifactKey: Guid(f69f5eb03343356428bd6085716072ce) Importer(815301076,1909f56bfc062723c751e8b465ee728b)
Start importing Assets/Prefab/HW/HW_Player.prefab using Guid(f69f5eb03343356428bd6085716072ce) Importer(815301076,1909f56bfc062723c751e8b465ee728b)  -> (artifact id: '490420b5ec491cd6250b4eb0d4e6b428') in 0.014672 seconds
  Import took 0.017456 seconds .

========================================================================
Received Prepare
Registering precompiled user dll's ...
Registered in 0.000757 seconds.
Begin MonoManager ReloadAssembly
Native extension for WindowsStandalone target not found
Refreshing native plugins compatible for Editor in 0.25 ms, found 0 plugins.
Preloading 0 native plugins for Editor in 0.00 ms.
Invoked RoslynAnalysisRunner static constructor.
RoslynAnalysisRunner will not be running.
RoslynAnalysisRunner has terminated.
Mono: successfully reloaded assembly
- Completed reload, in  0.995 seconds
Platform modules already initialized, skipping
Refreshing native plugins compatible for Editor in 0.25 ms, found 0 plugins.
Preloading 0 native plugins for Editor in 0.00 ms.
Unloading 1121 Unused Serialized files (Serialized files now loaded: 0)
System memory in use before: 63.1 MB.
System memory in use after: 63.2 MB.

Unloading 4 unused Assets to reduce memory usage. Loaded Objects now: 1582.
Total: 1.774400 ms (FindLiveObjects: 0.164500 ms CreateObjectMapping: 0.030300 ms MarkObjects: 1.563200 ms  DeleteObjects: 0.015200 ms)

========================================================================
Received Prepare
Registering precompiled user dll's ...
Registered in 0.000709 seconds.
Begin MonoManager ReloadAssembly
Native extension for WindowsStandalone target not found
Refreshing native plugins compatible for Editor in 0.24 ms, found 0 plugins.
Preloading 0 native plugins for Editor in 0.00 ms.
Invoked RoslynAnalysisRunner static constructor.
RoslynAnalysisRunner will not be running.
RoslynAnalysisRunner has terminated.
Mono: successfully reloaded assembly
- Completed reload, in  1.010 seconds
Platform modules already initialized, skipping
Refreshing native plugins compatible for Editor in 0.26 ms, found 0 plugins.
Preloading 0 native plugins for Editor in 0.00 ms.
Unloading 1121 Unused Serialized files (Serialized files now loaded: 0)
System memory in use before: 63.1 MB.
System memory in use after: 63.2 MB.

Unloading 4 unused Assets to reduce memory usage. Loaded Objects now: 1585.
Total: 2.230200 ms (FindLiveObjects: 0.213900 ms CreateObjectMapping: 0.033800 ms MarkObjects: 1.962300 ms  DeleteObjects: 0.018500 ms)

========================================================================
Received Prepare
Registering precompiled user dll's ...
Registered in 0.000774 seconds.
Begin MonoManager ReloadAssembly
Native extension for WindowsStandalone target not found
Refreshing native plugins compatible for Editor in 0.24 ms, found 0 plugins.
Preloading 0 native plugins for Editor in 0.00 ms.
Invoked RoslynAnalysisRunner static constructor.
RoslynAnalysisRunner will not be running.
RoslynAnalysisRunner has terminated.
Mono: successfully reloaded assembly
- Completed reload, in  0.992 seconds
Platform modules already initialized, skipping
Refreshing native plugins compatible for Editor in 0.24 ms, found 0 plugins.
Preloading 0 native plugins for Editor in 0.00 ms.
Unloading 1121 Unused Serialized files (Serialized files now loaded: 0)
System memory in use before: 63.1 MB.
System memory in use after: 63.2 MB.

Unloading 4 unused Assets to reduce memory usage. Loaded Objects now: 1588.
Total: 1.973500 ms (FindLiveObjects: 0.235900 ms CreateObjectMapping: 0.046700 ms MarkObjects: 1.671700 ms  DeleteObjects: 0.017700 ms)

========================================================================
Received Import Request.
  Time since last request: 417.298450 seconds.
  path: Assets/Prefab/HW/HW_Enemy.prefab
  artifactKey: Guid(0813b3fd3205f344ebe36b35672a690a) Importer(815301076,1909f56bfc062723c751e8b465ee728b)
Start importing Assets/Prefab/HW/HW_Enemy.prefab using Guid(0813b3fd3205f344ebe36b35672a690a) Importer(815301076,1909f56bfc062723c751e8b465ee728b)  -> (artifact id: '13f06bfe8ff10b01dd797fd9164126c3') in 0.093850 seconds
  Import took 0.096726 seconds .

========================================================================
Received Import Request.
  Time since last request: 0.054934 seconds.
  path: Assets/Prefab/HW/HW_Enemy.prefab
  artifactKey: Guid(0813b3fd3205f344ebe36b35672a690a) Importer(815301076,1909f56bfc062723c751e8b465ee728b)
Start importing Assets/Prefab/HW/HW_Enemy.prefab using Guid(0813b3fd3205f344ebe36b35672a690a) Importer(815301076,1909f56bfc062723c751e8b465ee728b)  -> (artifact id: '13f06bfe8ff10b01dd797fd9164126c3') in 0.010034 seconds
  Import took 0.013078 seconds .

========================================================================
Received Prepare
Registering precompiled user dll's ...
Registered in 0.000652 seconds.
Begin MonoManager ReloadAssembly
Native extension for WindowsStandalone target not found
Refreshing native plugins compatible for Editor in 0.25 ms, found 0 plugins.
Preloading 0 native plugins for Editor in 0.00 ms.
Invoked RoslynAnalysisRunner static constructor.
RoslynAnalysisRunner will not be running.
RoslynAnalysisRunner has terminated.
Mono: successfully reloaded assembly
- Completed reload, in  1.005 seconds
Platform modules already initialized, skipping
Refreshing native plugins compatible for Editor in 0.26 ms, found 0 plugins.
Preloading 0 native plugins for Editor in 0.00 ms.
Unloading 1121 Unused Serialized files (Serialized files now loaded: 0)
System memory in use before: 63.2 MB.
System memory in use after: 63.2 MB.

Unloading 4 unused Assets to reduce memory usage. Loaded Objects now: 1593.
Total: 1.907400 ms (FindLiveObjects: 0.171500 ms CreateObjectMapping: 0.032300 ms MarkObjects: 1.677700 ms  DeleteObjects: 0.024800 ms)

========================================================================
Received Prepare
Registering precompiled user dll's ...
Registered in 0.000732 seconds.
Begin MonoManager ReloadAssembly
Native extension for WindowsStandalone target not found
Refreshing native plugins compatible for Editor in 0.25 ms, found 0 plugins.
Preloading 0 native plugins for Editor in 0.00 ms.
Invoked RoslynAnalysisRunner static constructor.
RoslynAnalysisRunner will not be running.
RoslynAnalysisRunner has terminated.
Mono: successfully reloaded assembly
- Completed reload, in  0.981 seconds
Platform modules already initialized, skipping
Refreshing native plugins compatible for Editor in 0.25 ms, found 0 plugins.
Preloading 0 native plugins for Editor in 0.00 ms.
Unloading 1121 Unused Serialized files (Serialized files now loaded: 0)
System memory in use before: 63.2 MB.
System memory in use after: 63.3 MB.

Unloading 4 unused Assets to reduce memory usage. Loaded Objects now: 1596.
Total: 1.708100 ms (FindLiveObjects: 0.161000 ms CreateObjectMapping: 0.031100 ms MarkObjects: 1.501600 ms  DeleteObjects: 0.013400 ms)

========================================================================
Received Prepare
Registering precompiled user dll's ...
Registered in 0.000949 seconds.
Begin MonoManager ReloadAssembly
Native extension for WindowsStandalone target not found
Refreshing native plugins compatible for Editor in 0.25 ms, found 0 plugins.
Preloading 0 native plugins for Editor in 0.00 ms.
Invoked RoslynAnalysisRunner static constructor.
RoslynAnalysisRunner will not be running.
RoslynAnalysisRunner has terminated.
Mono: successfully reloaded assembly
- Completed reload, in  1.007 seconds
Platform modules already initialized, skipping
Refreshing native plugins compatible for Editor in 0.45 ms, found 0 plugins.
Preloading 0 native plugins for Editor in 0.00 ms.
Unloading 1121 Unused Serialized files (Serialized files now loaded: 0)
System memory in use before: 63.2 MB.
System memory in use after: 63.3 MB.

Unloading 4 unused Assets to reduce memory usage. Loaded Objects now: 1599.
Total: 1.751800 ms (FindLiveObjects: 0.159000 ms CreateObjectMapping: 0.031400 ms MarkObjects: 1.543900 ms  DeleteObjects: 0.016300 ms)

========================================================================
Received Prepare
Registering precompiled user dll's ...
Registered in 0.000899 seconds.
Begin MonoManager ReloadAssembly
Native extension for WindowsStandalone target not found
Refreshing native plugins compatible for Editor in 0.25 ms, found 0 plugins.
Preloading 0 native plugins for Editor in 0.00 ms.
Invoked RoslynAnalysisRunner static constructor.
RoslynAnalysisRunner will not be running.
RoslynAnalysisRunner has terminated.
Mono: successfully reloaded assembly
- Completed reload, in  1.003 seconds
Platform modules already initialized, skipping
Refreshing native plugins compatible for Editor in 0.26 ms, found 0 plugins.
Preloading 0 native plugins for Editor in 0.00 ms.
Unloading 1121 Unused Serialized files (Serialized files now loaded: 0)
System memory in use before: 63.2 MB.
System memory in use after: 63.3 MB.

Unloading 4 unused Assets to reduce memory usage. Loaded Objects now: 1602.
Total: 1.868500 ms (FindLiveObjects: 0.168000 ms CreateObjectMapping: 0.032000 ms MarkObjects: 1.649500 ms  DeleteObjects: 0.017700 ms)

========================================================================
Received Prepare
Registering precompiled user dll's ...
Registered in 0.000810 seconds.
Begin MonoManager ReloadAssembly
Native extension for WindowsStandalone target not found
Refreshing native plugins compatible for Editor in 0.36 ms, found 0 plugins.
Preloading 0 native plugins for Editor in 0.00 ms.
Invoked RoslynAnalysisRunner static constructor.
RoslynAnalysisRunner will not be running.
RoslynAnalysisRunner has terminated.
Mono: successfully reloaded assembly
- Completed reload, in  1.036 seconds
Platform modules already initialized, skipping
Refreshing native plugins compatible for Editor in 0.31 ms, found 0 plugins.
Preloading 0 native plugins for Editor in 0.00 ms.
Unloading 1121 Unused Serialized files (Serialized files now loaded: 0)
System memory in use before: 63.2 MB.
System memory in use after: 63.3 MB.

Unloading 4 unused Assets to reduce memory usage. Loaded Objects now: 1605.
Total: 1.792100 ms (FindLiveObjects: 0.167200 ms CreateObjectMapping: 0.033800 ms MarkObjects: 1.575100 ms  DeleteObjects: 0.014700 ms)

========================================================================
Received Prepare
Registering precompiled user dll's ...
Registered in 0.001024 seconds.
Begin MonoManager ReloadAssembly
Native extension for WindowsStandalone target not found
Refreshing native plugins compatible for Editor in 0.36 ms, found 0 plugins.
Preloading 0 native plugins for Editor in 0.00 ms.
Invoked RoslynAnalysisRunner static constructor.
RoslynAnalysisRunner will not be running.
RoslynAnalysisRunner has terminated.
Mono: successfully reloaded assembly
- Completed reload, in  1.033 seconds
Platform modules already initialized, skipping
Refreshing native plugins compatible for Editor in 0.31 ms, found 0 plugins.
Preloading 0 native plugins for Editor in 0.00 ms.
Unloading 1121 Unused Serialized files (Serialized files now loaded: 0)
System memory in use before: 63.2 MB.
System memory in use after: 63.3 MB.

Unloading 4 unused Assets to reduce memory usage. Loaded Objects now: 1608.
Total: 2.790500 ms (FindLiveObjects: 0.197000 ms CreateObjectMapping: 0.031800 ms MarkObjects: 2.542400 ms  DeleteObjects: 0.017800 ms)

========================================================================
Received Prepare
Registering precompiled user dll's ...
Registered in 0.000916 seconds.
Begin MonoManager ReloadAssembly
Native extension for WindowsStandalone target not found
Refreshing native plugins compatible for Editor in 0.38 ms, found 0 plugins.
Preloading 0 native plugins for Editor in 0.00 ms.
Invoked RoslynAnalysisRunner static constructor.
RoslynAnalysisRunner will not be running.
RoslynAnalysisRunner has terminated.
Mono: successfully reloaded assembly
- Completed reload, in  1.068 seconds
Platform modules already initialized, skipping
Refreshing native plugins compatible for Editor in 0.23 ms, found 0 plugins.
Preloading 0 native plugins for Editor in 0.00 ms.
Unloading 1121 Unused Serialized files (Serialized files now loaded: 0)
System memory in use before: 63.2 MB.
System memory in use after: 63.3 MB.

Unloading 4 unused Assets to reduce memory usage. Loaded Objects now: 1611.
Total: 2.697700 ms (FindLiveObjects: 0.257600 ms CreateObjectMapping: 0.051800 ms MarkObjects: 2.366700 ms  DeleteObjects: 0.019500 ms)

========================================================================
Received Import Request.
  Time since last request: 2931.930900 seconds.
  path: Assets/Prefab/HW/HW_Player.prefab
  artifactKey: Guid(f69f5eb03343356428bd6085716072ce) Importer(815301076,1909f56bfc062723c751e8b465ee728b)
Start importing Assets/Prefab/HW/HW_Player.prefab using Guid(f69f5eb03343356428bd6085716072ce) Importer(815301076,1909f56bfc062723c751e8b465ee728b)  -> (artifact id: 'f0b9e2da8daa001fca700862f8b97509') in 0.074129 seconds
  Import took 0.077036 seconds .

========================================================================
Received Import Request.
  Time since last request: 5.556585 seconds.
  path: Assets/Prefab/HW/HW_Player.prefab
  artifactKey: Guid(f69f5eb03343356428bd6085716072ce) Importer(815301076,1909f56bfc062723c751e8b465ee728b)
Start importing Assets/Prefab/HW/HW_Player.prefab using Guid(f69f5eb03343356428bd6085716072ce) Importer(815301076,1909f56bfc062723c751e8b465ee728b)  -> (artifact id: '5b08b1a7b6633666e4eb68e47f72b01a') in 0.012305 seconds
  Import took 0.015455 seconds .

========================================================================
Received Prepare
Registering precompiled user dll's ...
Registered in 0.001037 seconds.
Begin MonoManager ReloadAssembly
Native extension for WindowsStandalone target not found
Refreshing native plugins compatible for Editor in 0.35 ms, found 0 plugins.
Preloading 0 native plugins for Editor in 0.00 ms.
Invoked RoslynAnalysisRunner static constructor.
RoslynAnalysisRunner will not be running.
RoslynAnalysisRunner has terminated.
Mono: successfully reloaded assembly
- Completed reload, in  1.007 seconds
Platform modules already initialized, skipping
Refreshing native plugins compatible for Editor in 0.27 ms, found 0 plugins.
Preloading 0 native plugins for Editor in 0.00 ms.
Unloading 1121 Unused Serialized files (Serialized files now loaded: 0)
System memory in use before: 63.2 MB.
System memory in use after: 63.3 MB.

Unloading 4 unused Assets to reduce memory usage. Loaded Objects now: 1615.
Total: 1.764900 ms (FindLiveObjects: 0.162900 ms CreateObjectMapping: 0.030900 ms MarkObjects: 1.553400 ms  DeleteObjects: 0.016500 ms)

========================================================================
Received Prepare
Registering precompiled user dll's ...
Registered in 0.000760 seconds.
Begin MonoManager ReloadAssembly
Native extension for WindowsStandalone target not found
Refreshing native plugins compatible for Editor in 0.23 ms, found 0 plugins.
Preloading 0 native plugins for Editor in 0.00 ms.
Invoked RoslynAnalysisRunner static constructor.
RoslynAnalysisRunner will not be running.
RoslynAnalysisRunner has terminated.
Mono: successfully reloaded assembly
- Completed reload, in  0.922 seconds
Platform modules already initialized, skipping
Refreshing native plugins compatible for Editor in 0.23 ms, found 0 plugins.
Preloading 0 native plugins for Editor in 0.00 ms.
Unloading 1121 Unused Serialized files (Serialized files now loaded: 0)
System memory in use before: 63.2 MB.
System memory in use after: 63.3 MB.

Unloading 4 unused Assets to reduce memory usage. Loaded Objects now: 1618.
Total: 1.740900 ms (FindLiveObjects: 0.158700 ms CreateObjectMapping: 0.031500 ms MarkObjects: 1.533100 ms  DeleteObjects: 0.016200 ms)

AssetImportWorkerClient::OnTransportError - code=2 error=End of file
